#
# There is insufficient memory for the Java Runtime Environment to continue.
# Native memory allocation (mmap) failed to map 3579314176 bytes for committing reserved memory.
# Possible reasons:
#   The system is out of physical RAM or swap space
#   In 32 bit mode, the process size limit was hit
# Possible solutions:
#   Reduce memory load on the system
#   Increase physical memory or swap space
#   Check if swap backing store is full
#   Use 64 bit Java on a 64 bit OS
#   Decrease Java heap size (-Xmx/-Xms)
#   Decrease number of Java threads
#   Decrease Java thread stack sizes (-Xss)
#   Set larger code cache with -XX:ReservedCodeCacheSize=
# This output file may be truncated or incomplete.
#
#  Out of Memory Error (os_linux.cpp:2627), pid=17868, tid=0x00007f7d4900e700
#
# JRE version:  (8.0_111-b14) (build )
# Java VM: Java HotSpot(TM) 64-Bit Server VM (25.111-b14 mixed mode linux-amd64 compressed oops)
# Failed to write core dump. Core dumps have been disabled. To enable core dumping, try "ulimit -c unlimited" before starting Java again
#

---------------  T H R E A D  ---------------

Current thread (0x00007f7d40014800):  JavaThread "Unknown thread" [_thread_in_vm, id=17907, stack(0x00007f7d48f0e000,0x00007f7d4900f000)]

Stack: [0x00007f7d48f0e000,0x00007f7d4900f000],  sp=0x00007f7d4900d380,  free space=1020k
Native frames: (J=compiled Java code, j=interpreted, Vv=VM code, C=native code)
V  [libjvm.so+0xac5c2a]  VMError::report_and_die()+0x2ba
V  [libjvm.so+0x4fc50b]  report_vm_out_of_memory(char const*, int, unsigned long, VMErrorType, char const*)+0x8b
V  [libjvm.so+0x922ae3]  os::Linux::commit_memory_impl(char*, unsigned long, bool)+0x103
V  [libjvm.so+0x923039]  os::pd_commit_memory(char*, unsigned long, unsigned long, bool)+0x29
V  [libjvm.so+0x91d33a]  os::commit_memory(char*, unsigned long, unsigned long, bool)+0x2a
V  [libjvm.so+0x991ac3]  PSVirtualSpace::expand_by(unsigned long)+0x53
V  [libjvm.so+0x981bd7]  PSOldGen::initialize(ReservedSpace, unsigned long, char const*, int)+0xb7
V  [libjvm.so+0x2d88ea]  AdjoiningGenerations::AdjoiningGenerations(ReservedSpace, GenerationSizer*, unsigned long)+0x39a
V  [libjvm.so+0x945e96]  ParallelScavengeHeap::initialize()+0x1d6
V  [libjvm.so+0xa8dd53]  Universe::initialize_heap()+0xf3
V  [libjvm.so+0xa8e2be]  universe_init()+0x3e
V  [libjvm.so+0x63c925]  init_globals()+0x65
V  [libjvm.so+0xa719be]  Threads::create_vm(JavaVMInitArgs*, bool*)+0x23e
V  [libjvm.so+0x6d11c4]  JNI_CreateJavaVM+0x74
C  [libjli.so+0x745e]  JavaMain+0x9e
C  [libpthread.so.0+0x8184]  start_thread+0xc4


---------------  P R O C E S S  ---------------

Java Threads: ( => current thread )

Other Threads:

=>0x00007f7d40014800 (exited) JavaThread "Unknown thread" [_thread_in_vm, id=17907, stack(0x00007f7d48f0e000,0x00007f7d4900f000)]

VM state:not at safepoint (not fully initialized)

VM Mutex/Monitor currently owned by a thread: None

GC Heap History (0 events):
No events

Deoptimization events (0 events):
No events

Internal exceptions (0 events):
No events

Events (0 events):
No events


Dynamic libraries:
00400000-00401000 r-xp 00000000 ca:01 1967772                            /usr/lib/jvm/java-8-oracle/bin/java
00600000-00601000 rw-p 00000000 ca:01 1967772                            /usr/lib/jvm/java-8-oracle/bin/java
01be8000-01c09000 rw-p 00000000 00:00 0                                  [heap]
755580000-7c0000000 rw-p 00000000 00:00 0 
7f7d31000000-7f7d31270000 rwxp 00000000 00:00 0 
7f7d31270000-7f7d40000000 ---p 00000000 00:00 0 
7f7d40000000-7f7d4003c000 rw-p 00000000 00:00 0 
7f7d4003c000-7f7d44000000 ---p 00000000 00:00 0 
7f7d4502b000-7f7d452b2000 rw-p 00000000 00:00 0 
7f7d452b2000-7f7d4595c000 ---p 00000000 00:00 0 
7f7d4595c000-7f7d45cbd000 rw-p 00000000 00:00 0 
7f7d45cbd000-7f7d46073000 ---p 00000000 00:00 0 
7f7d46073000-7f7d4608d000 r-xp 00000000 ca:01 1966194                    /usr/lib/jvm/java-8-oracle/jre/lib/amd64/libzip.so
7f7d4608d000-7f7d4628d000 ---p 0001a000 ca:01 1966194                    /usr/lib/jvm/java-8-oracle/jre/lib/amd64/libzip.so
7f7d4628d000-7f7d4628e000 rw-p 0001a000 ca:01 1966194                    /usr/lib/jvm/java-8-oracle/jre/lib/amd64/libzip.so
7f7d4628e000-7f7d46298000 r-xp 00000000 ca:01 396084                     /lib/x86_64-linux-gnu/libnss_files-2.19.so
7f7d46298000-7f7d46497000 ---p 0000a000 ca:01 396084                     /lib/x86_64-linux-gnu/libnss_files-2.19.so
7f7d46497000-7f7d46498000 r--p 00009000 ca:01 396084                     /lib/x86_64-linux-gnu/libnss_files-2.19.so
7f7d46498000-7f7d46499000 rw-p 0000a000 ca:01 396084                     /lib/x86_64-linux-gnu/libnss_files-2.19.so
7f7d46499000-7f7d464a4000 r-xp 00000000 ca:01 396086                     /lib/x86_64-linux-gnu/libnss_nis-2.19.so
7f7d464a4000-7f7d466a3000 ---p 0000b000 ca:01 396086                     /lib/x86_64-linux-gnu/libnss_nis-2.19.so
7f7d466a3000-7f7d466a4000 r--p 0000a000 ca:01 396086                     /lib/x86_64-linux-gnu/libnss_nis-2.19.so
7f7d466a4000-7f7d466a5000 rw-p 0000b000 ca:01 396086                     /lib/x86_64-linux-gnu/libnss_nis-2.19.so
7f7d466a5000-7f7d466bc000 r-xp 00000000 ca:01 396081                     /lib/x86_64-linux-gnu/libnsl-2.19.so
7f7d466bc000-7f7d468bb000 ---p 00017000 ca:01 396081                     /lib/x86_64-linux-gnu/libnsl-2.19.so
7f7d468bb000-7f7d468bc000 r--p 00016000 ca:01 396081                     /lib/x86_64-linux-gnu/libnsl-2.19.so
7f7d468bc000-7f7d468bd000 rw-p 00017000 ca:01 396081                     /lib/x86_64-linux-gnu/libnsl-2.19.so
7f7d468bd000-7f7d468bf000 rw-p 00000000 00:00 0 
7f7d468bf000-7f7d468c8000 r-xp 00000000 ca:01 396082                     /lib/x86_64-linux-gnu/libnss_compat-2.19.so
7f7d468c8000-7f7d46ac7000 ---p 00009000 ca:01 396082                     /lib/x86_64-linux-gnu/libnss_compat-2.19.so
7f7d46ac7000-7f7d46ac8000 r--p 00008000 ca:01 396082                     /lib/x86_64-linux-gnu/libnss_compat-2.19.so
7f7d46ac8000-7f7d46ac9000 rw-p 00009000 ca:01 396082                     /lib/x86_64-linux-gnu/libnss_compat-2.19.so
7f7d46ac9000-7f7d46af4000 r-xp 00000000 ca:01 1966185                    /usr/lib/jvm/java-8-oracle/jre/lib/amd64/libjava.so
7f7d46af4000-7f7d46cf3000 ---p 0002b000 ca:01 1966185                    /usr/lib/jvm/java-8-oracle/jre/lib/amd64/libjava.so
7f7d46cf3000-7f7d46cf5000 rw-p 0002a000 ca:01 1966185                    /usr/lib/jvm/java-8-oracle/jre/lib/amd64/libjava.so
7f7d46cf5000-7f7d46d02000 r-xp 00000000 ca:01 1966174                    /usr/lib/jvm/java-8-oracle/jre/lib/amd64/libverify.so
7f7d46d02000-7f7d46f01000 ---p 0000d000 ca:01 1966174                    /usr/lib/jvm/java-8-oracle/jre/lib/amd64/libverify.so
7f7d46f01000-7f7d46f03000 rw-p 0000c000 ca:01 1966174                    /usr/lib/jvm/java-8-oracle/jre/lib/amd64/libverify.so
7f7d46f03000-7f7d46f0a000 r-xp 00000000 ca:01 396106                     /lib/x86_64-linux-gnu/librt-2.19.so
7f7d46f0a000-7f7d47109000 ---p 00007000 ca:01 396106                     /lib/x86_64-linux-gnu/librt-2.19.so
7f7d47109000-7f7d4710a000 r--p 00006000 ca:01 396106                     /lib/x86_64-linux-gnu/librt-2.19.so
7f7d4710a000-7f7d4710b000 rw-p 00007000 ca:01 396106                     /lib/x86_64-linux-gnu/librt-2.19.so
7f7d4710b000-7f7d47210000 r-xp 00000000 ca:01 396073                     /lib/x86_64-linux-gnu/libm-2.19.so
7f7d47210000-7f7d4740f000 ---p 00105000 ca:01 396073                     /lib/x86_64-linux-gnu/libm-2.19.so
7f7d4740f000-7f7d47410000 r--p 00104000 ca:01 396073                     /lib/x86_64-linux-gnu/libm-2.19.so
7f7d47410000-7f7d47411000 rw-p 00105000 ca:01 396073                     /lib/x86_64-linux-gnu/libm-2.19.so
7f7d47411000-7f7d480de000 r-xp 00000000 ca:01 1966150                    /usr/lib/jvm/java-8-oracle/jre/lib/amd64/server/libjvm.so
7f7d480de000-7f7d482dd000 ---p 00ccd000 ca:01 1966150                    /usr/lib/jvm/java-8-oracle/jre/lib/amd64/server/libjvm.so
7f7d482dd000-7f7d483b6000 rw-p 00ccc000 ca:01 1966150                    /usr/lib/jvm/java-8-oracle/jre/lib/amd64/server/libjvm.so
7f7d483b6000-7f7d48401000 rw-p 00000000 00:00 0 
7f7d48401000-7f7d485bb000 r-xp 00000000 ca:01 396050                     /lib/x86_64-linux-gnu/libc-2.19.so
7f7d485bb000-7f7d487bb000 ---p 001ba000 ca:01 396050                     /lib/x86_64-linux-gnu/libc-2.19.so
7f7d487bb000-7f7d487bf000 r--p 001ba000 ca:01 396050                     /lib/x86_64-linux-gnu/libc-2.19.so
7f7d487bf000-7f7d487c1000 rw-p 001be000 ca:01 396050                     /lib/x86_64-linux-gnu/libc-2.19.so
7f7d487c1000-7f7d487c6000 rw-p 00000000 00:00 0 
7f7d487c6000-7f7d487c9000 r-xp 00000000 ca:01 396059                     /lib/x86_64-linux-gnu/libdl-2.19.so
7f7d487c9000-7f7d489c8000 ---p 00003000 ca:01 396059                     /lib/x86_64-linux-gnu/libdl-2.19.so
7f7d489c8000-7f7d489c9000 r--p 00002000 ca:01 396059                     /lib/x86_64-linux-gnu/libdl-2.19.so
7f7d489c9000-7f7d489ca000 rw-p 00003000 ca:01 396059                     /lib/x86_64-linux-gnu/libdl-2.19.so
7f7d489ca000-7f7d489df000 r-xp 00000000 ca:01 1967582                    /usr/lib/jvm/java-8-oracle/lib/amd64/jli/libjli.so
7f7d489df000-7f7d48bdf000 ---p 00015000 ca:01 1967582                    /usr/lib/jvm/java-8-oracle/lib/amd64/jli/libjli.so
7f7d48bdf000-7f7d48be0000 rw-p 00015000 ca:01 1967582                    /usr/lib/jvm/java-8-oracle/lib/amd64/jli/libjli.so
7f7d48be0000-7f7d48bf9000 r-xp 00000000 ca:01 396103                     /lib/x86_64-linux-gnu/libpthread-2.19.so
7f7d48bf9000-7f7d48df8000 ---p 00019000 ca:01 396103                     /lib/x86_64-linux-gnu/libpthread-2.19.so
7f7d48df8000-7f7d48df9000 r--p 00018000 ca:01 396103                     /lib/x86_64-linux-gnu/libpthread-2.19.so
7f7d48df9000-7f7d48dfa000 rw-p 00019000 ca:01 396103                     /lib/x86_64-linux-gnu/libpthread-2.19.so
7f7d48dfa000-7f7d48dfe000 rw-p 00000000 00:00 0 
7f7d48dfe000-7f7d48e21000 r-xp 00000000 ca:01 396040                     /lib/x86_64-linux-gnu/ld-2.19.so
7f7d48f06000-7f7d48f0e000 rw-s 00000000 ca:01 788269                     /tmp/hsperfdata_root/17868
7f7d48f0e000-7f7d48f11000 ---p 00000000 00:00 0 
7f7d48f11000-7f7d49013000 rw-p 00000000 00:00 0                          [stack:17907]
7f7d49017000-7f7d4901b000 rw-p 00000000 00:00 0 
7f7d4901b000-7f7d4901c000 r--p 00000000 00:00 0 
7f7d4901c000-7f7d4901e000 rw-p 00000000 00:00 0 
7f7d4901e000-7f7d49020000 r-xp 00000000 00:00 0                          [vdso]
7f7d49020000-7f7d49021000 r--p 00022000 ca:01 396040                     /lib/x86_64-linux-gnu/ld-2.19.so
7f7d49021000-7f7d49022000 rw-p 00023000 ca:01 396040                     /lib/x86_64-linux-gnu/ld-2.19.so
7f7d49022000-7f7d49023000 rw-p 00000000 00:00 0 
7ffee73a5000-7ffee73c7000 rw-p 00000000 00:00 0                          [stack]
ffffffffff600000-ffffffffff601000 r-xp 00000000 00:00 0                  [vsyscall]

VM Arguments:
jvm_args: -Xms5g -Xmx5g 
java_command: org.apache.spark.deploy.SparkSubmit --class LogStreaming /usr/local/spark/mycode/DBNS/target/scala-2.10/simple-project_2.10-1.0.jar --jars /usr/local/spark/mysql-connector-java-5.1.40/mysql-connector-java-5.1.40-bin.jar
java_class_path (initial): /usr/local/spark/lib/http/fluent-hc-4.5.2.jar:/usr/local/spark/lib/http/httpclient-win-4.5.2.jar:/usr/local/spark/lib/http/httpcore-4.4.4.jar:/usr/local/spark/lib/http/jna-platform-4.1.0.jar:/usr/local/spark/lib/http/httpclient-cache-4.5.2.jar:/usr/local/spark/lib/http/httpmime-4.5.2.jar:/usr/local/spark/lib/http/commons-logging-1.2.jar:/usr/local/spark/lib/http/httpclient-4.5.2.jar:/usr/local/spark/lib/http/commons-codec-1.9.jar:/usr/local/spark/lib/http/jna-4.1.0.jar:/usr/local/spark/lib/hbase/htrace-core-3.1.0-incubating.jar:/usr/local/spark/lib/hbase/hbase-protocol-1.1.2.jar:/usr/local/spark/lib/hbase/hbase-rest-1.1.2.jar:/usr/local/spark/lib/hbase/hbase-server-1.1.2-tests.jar:/usr/local/spark/lib/hbase/hbase-common-1.1.2.jar:/usr/local/spark/lib/hbase/hbase-server-1.1.2.jar:/usr/local/spark/lib/hbase/hbase-client-1.1.2.jar:/usr/local/spark/lib/hbase/hbase-shell-1.1.2.jar:/usr/local/spark/lib/hbase/hbase-examples-1.1.2.jar:/usr/local/spark/lib/hbase/hbase-hadoop-compat-1.1.2.jar:/usr/local/spark/lib/hbase/hbase-prefix-tree-1.1.2.jar:/usr/local/spark/lib/hbase/guava-12.0.1.jar:/usr/local/spark/lib/hbase/hbase-hadoop2-compat-1.1.2.jar:/usr/local/spark/lib/hbase/hbase-it-1.1.2-tests.jar:/usr/local/spark/lib/hbase/hbase-it-1.1.2.jar:/usr/local/spark/lib/hbase/hbase-procedure-1.1.2.jar:/usr/local/spark/lib/hbase/hbase-annotations-1.1.2.jar:/usr/local/spark/lib/hbase/hbase-common-1.1.2-tests.jar:/usr/local/spark/lib/hbase/hbase-annotations-1.1.2-tests.jar:/usr/local/spark/lib/hbase/hbase-thrift-1.1.2.jar:/usr/local/spark/lib/hbase/protobuf-java-2.5.0.jar:/usr/local/spark/lib/hbase/hbase-resource-bundle-1.1.2.jar:/usr/local/hbase/conf/:/usr/local/spark/lib/kafka/hk2-utils-2.4.0-b34.jar:/usr/local/spark/lib/kafka/jopt-simple-4.9.jar:/usr/local/spark/lib/kafka/kafka-streams-examples-0.10.1.0.jar:/usr/local/spark/lib/kafka/connect-runtime-0.10.1.0.jar:/usr/local/spark/lib/kafka/jetty-http-9.2.15.v20160210.jar:/usr/local/spark/lib/kafka/kafka_2
Launcher Type: SUN_STANDARD

Environment Variables:
JAVA_HOME=/usr/lib/jvm/java-8-oracle
PATH=/usr/local/maven/bin:/usr/local/hadoop/bin:/usr/local/spark/bin:/usr/local/hbase/bin:/usr/bin:/usr/local/bin:/bin:/usr/local/sbin:/usr/sbin:/sbin:/usr/local/sbt16:/usr/local/neo4j/bin:/usr/local/neo4j-spark/bin:/usr/local/hive/bin:/usr/local/kafka/bin
USERNAME=root
SHELL=/bin/bash

Signal Handlers:
SIGSEGV: [libjvm.so+0xac64b0], sa_mask[0]=11111111011111111101111111111110, sa_flags=SA_RESTART|SA_SIGINFO
SIGBUS: [libjvm.so+0xac64b0], sa_mask[0]=11111111011111111101111111111110, sa_flags=SA_RESTART|SA_SIGINFO
SIGFPE: [libjvm.so+0x91f950], sa_mask[0]=11111111011111111101111111111110, sa_flags=SA_RESTART|SA_SIGINFO
SIGPIPE: [libjvm.so+0x91f950], sa_mask[0]=11111111011111111101111111111110, sa_flags=SA_RESTART|SA_SIGINFO
SIGXFSZ: [libjvm.so+0x91f950], sa_mask[0]=11111111011111111101111111111110, sa_flags=SA_RESTART|SA_SIGINFO
SIGILL: [libjvm.so+0x91f950], sa_mask[0]=11111111011111111101111111111110, sa_flags=SA_RESTART|SA_SIGINFO
SIGUSR1: SIG_DFL, sa_mask[0]=00000000000000000000000000000000, sa_flags=none
SIGUSR2: [libjvm.so+0x920f80], sa_mask[0]=00000000000000000000000000000000, sa_flags=SA_RESTART|SA_SIGINFO
SIGHUP: SIG_DFL, sa_mask[0]=00000000000000000000000000000000, sa_flags=none
SIGINT: SIG_DFL, sa_mask[0]=00000000000000000000000000000000, sa_flags=none
SIGTERM: SIG_DFL, sa_mask[0]=00000000000000000000000000000000, sa_flags=none
SIGQUIT: SIG_DFL, sa_mask[0]=00000000000000000000000000000000, sa_flags=none


---------------  S Y S T E M  ---------------

OS:DISTRIB_ID=Ubuntu
DISTRIB_RELEASE=14.04
DISTRIB_CODENAME=trusty
DISTRIB_DESCRIPTION="Ubuntu 14.04.5 LTS"

uname:Linux 3.13.0-100-generic #147-Ubuntu SMP Tue Oct 18 16:48:51 UTC 2016 x86_64
libc:glibc 2.19 NPTL 2.19 
rlimit: STACK 8192k, CORE 0k, NPROC 128305, NOFILE 4096, AS infinity
load average:0.15 0.06 0.06

/proc/meminfo:
MemTotal:       16433036 kB
MemFree:          209896 kB
Buffers:          186908 kB
Cached:          2556416 kB
SwapCached:            0 kB
Active:         14444388 kB
Inactive:        1385604 kB
Active(anon):   13086936 kB
Inactive(anon):    58652 kB
Active(file):    1357452 kB
Inactive(file):  1326952 kB
Unevictable:           0 kB
Mlocked:               0 kB
SwapTotal:             0 kB
SwapFree:              0 kB
Dirty:               496 kB
Writeback:             0 kB
AnonPages:      13086940 kB
Mapped:           124008 kB
Shmem:             58752 kB
Slab:             217368 kB
SReclaimable:     182660 kB
SUnreclaim:        34708 kB
KernelStack:       10744 kB
PageTables:        45224 kB
NFS_Unstable:          0 kB
Bounce:                0 kB
WritebackTmp:          0 kB
CommitLimit:     8216516 kB
Committed_AS:   23218304 kB
VmallocTotal:   34359738367 kB
VmallocUsed:       33624 kB
VmallocChunk:   34351177256 kB
HardwareCorrupted:     0 kB
AnonHugePages:  10610688 kB
HugePages_Total:       0
HugePages_Free:        0
HugePages_Rsvd:        0
HugePages_Surp:        0
Hugepagesize:       2048 kB
DirectMap4k:       34816 kB
DirectMap2M:     3241984 kB
DirectMap1G:    13631488 kB


CPU:total 4 (2 cores per cpu, 2 threads per core) family 6 model 79 stepping 1, cmov, cx8, fxsr, mmx, sse, sse2, sse3, ssse3, sse4.1, sse4.2, popcnt, avx, avx2, aes, clmul, erms, lzcnt, ht, tsc, bmi1, bmi2

/proc/cpuinfo:
processor	: 0
vendor_id	: GenuineIntel
cpu family	: 6
model		: 79
model name	: Intel(R) Xeon(R) CPU E5-2686 v4 @ 2.30GHz
stepping	: 1
microcode	: 0xb000014
cpu MHz		: 2300.044
cache size	: 46080 KB
physical id	: 0
siblings	: 2
core id		: 0
cpu cores	: 1
apicid		: 0
initial apicid	: 0
fpu		: yes
fpu_exception	: yes
cpuid level	: 13
wp		: yes
flags		: fpu vme de pse tsc msr pae mce cx8 apic sep mtrr pge mca cmov pat pse36 clflush mmx fxsr sse sse2 ht syscall nx pdpe1gb rdtscp lm constant_tsc rep_good nopl xtopology eagerfpu pni pclmulqdq ssse3 fma cx16 pcid sse4_1 sse4_2 x2apic movbe popcnt tsc_deadline_timer aes xsave avx f16c rdrand hypervisor lahf_lm abm xsaveopt fsgsbase bmi1 avx2 smep bmi2 erms invpcid
bogomips	: 4600.08
clflush size	: 64
cache_alignment	: 64
address sizes	: 46 bits physical, 48 bits virtual
power management:

processor	: 1
vendor_id	: GenuineIntel
cpu family	: 6
model		: 79
model name	: Intel(R) Xeon(R) CPU E5-2686 v4 @ 2.30GHz
stepping	: 1
microcode	: 0xb000014
cpu MHz		: 2300.044
cache size	: 46080 KB
physical id	: 0
siblings	: 2
core id		: 0
cpu cores	: 1
apicid		: 1
initial apicid	: 1
fpu		: yes
fpu_exception	: yes
cpuid level	: 13
wp		: yes
flags		: fpu vme de pse tsc msr pae mce cx8 apic sep mtrr pge mca cmov pat pse36 clflush mmx fxsr sse sse2 ht syscall nx pdpe1gb rdtscp lm constant_tsc rep_good nopl xtopology eagerfpu pni pclmulqdq ssse3 fma cx16 pcid sse4_1 sse4_2 x2apic movbe popcnt tsc_deadline_timer aes xsave avx f16c rdrand hypervisor lahf_lm abm xsaveopt fsgsbase bmi1 avx2 smep bmi2 erms invpcid
bogomips	: 4600.08
clflush size	: 64
cache_alignment	: 64
address sizes	: 46 bits physical, 48 bits virtual
power management:

processor	: 2
vendor_id	: GenuineIntel
cpu family	: 6
model		: 79
model name	: Intel(R) Xeon(R) CPU E5-2686 v4 @ 2.30GHz
stepping	: 1
microcode	: 0xb000014
cpu MHz		: 2300.044
cache size	: 46080 KB
physical id	: 1
siblings	: 2
core id		: 0
cpu cores	: 1
apicid		: 64
initial apicid	: 64
fpu		: yes
fpu_exception	: yes
cpuid level	: 13
wp		: yes
flags		: fpu vme de pse tsc msr pae mce cx8 apic sep mtrr pge mca cmov pat pse36 clflush mmx fxsr sse sse2 ht syscall nx pdpe1gb rdtscp lm constant_tsc rep_good nopl xtopology eagerfpu pni pclmulqdq ssse3 fma cx16 pcid sse4_1 sse4_2 x2apic movbe popcnt tsc_deadline_timer aes xsave avx f16c rdrand hypervisor lahf_lm abm xsaveopt fsgsbase bmi1 avx2 smep bmi2 erms invpcid
bogomips	: 4660.83
clflush size	: 64
cache_alignment	: 64
address sizes	: 46 bits physical, 48 bits virtual
power management:

processor	: 3
vendor_id	: GenuineIntel
cpu family	: 6
model		: 79
model name	: Intel(R) Xeon(R) CPU E5-2686 v4 @ 2.30GHz
stepping	: 1
microcode	: 0xb000014
cpu MHz		: 2300.044
cache size	: 46080 KB
physical id	: 1
siblings	: 2
core id		: 0
cpu cores	: 1
apicid		: 65
initial apicid	: 65
fpu		: yes
fpu_exception	: yes
cpuid level	: 13
wp		: yes
flags		: fpu vme de pse tsc msr pae mce cx8 apic sep mtrr pge mca cmov pat pse36 clflush mmx fxsr sse sse2 ht syscall nx pdpe1gb rdtscp lm constant_tsc rep_good nopl xtopology eagerfpu pni pclmulqdq ssse3 fma cx16 pcid sse4_1 sse4_2 x2apic movbe popcnt tsc_deadline_timer aes xsave avx f16c rdrand hypervisor lahf_lm abm xsaveopt fsgsbase bmi1 avx2 smep bmi2 erms invpcid
bogomips	: 4660.83
clflush size	: 64
cache_alignment	: 64
address sizes	: 46 bits physical, 48 bits virtual
power management:



Memory: 4k page, physical 16433036k(209896k free), swap 0k(0k free)

vm_info: Java HotSpot(TM) 64-Bit Server VM (25.111-b14) for linux-amd64 JRE (1.8.0_111-b14), built on Sep 22 2016 16:14:03 by "java_re" with gcc 4.3.0 20080428 (Red Hat 4.3.0-8)

time: Tue Jan  3 03:23:39 2017
elapsed time: 0 seconds (0d 0h 0m 0s)

