Exception in thread "pool-1-thread-2" java.lang.Error: java.io.FileNotFoundException: /usr/local/sample/natlog.txt (No such file or directory)
	at java.util.concurrent.ThreadPoolExecutor.runWorker(ThreadPoolExecutor.java:1148)
	at java.util.concurrent.ThreadPoolExecutor$Worker.run(ThreadPoolExecutor.java:617)
	at java.lang.Thread.run(Thread.java:745)
Caused by: java.io.FileNotFoundException: /usr/local/sample/natlog.txt (No such file or directory)
	at java.io.FileInputStream.open0(Native Method)
	at java.io.FileInputStream.open(FileInputStream.java:195)
	at java.io.FileInputStream.<init>(FileInputStream.java:138)
	at scala.io.Source$.fromFile(Source.scala:90)
	at scala.io.Source$.fromFile(Source.scala:75)
	at scala.io.Source$.fromFile(Source.scala:53)
	at scala.io.Source$.fromFile(Source.scala:59)
	at LogProducer$Message.run(KafkaLogProducer.scala:14)
	at java.util.concurrent.ThreadPoolExecutor.runWorker(ThreadPoolExecutor.java:1142)
	... 2 more
Exception in thread "pool-1-thread-5" java.lang.Error: java.io.FileNotFoundException: /usr/local/sample/syslog.txt (No such file or directory)
	at java.util.concurrent.ThreadPoolExecutor.runWorker(ThreadPoolExecutor.java:1148)
	at java.util.concurrent.ThreadPoolExecutor$Worker.run(ThreadPoolExecutor.java:617)
	at java.lang.Thread.run(Thread.java:745)
Caused by: java.io.FileNotFoundException: /usr/local/sample/syslog.txt (No such file or directory)
	at java.io.FileInputStream.open0(Native Method)
	at java.io.FileInputStream.open(FileInputStream.java:195)
	at java.io.FileInputStream.<init>(FileInputStream.java:138)
	at scala.io.Source$.fromFile(Source.scala:90)
	at scala.io.Source$.fromFile(Source.scala:75)
	at scala.io.Source$.fromFile(Source.scala:53)
	at scala.io.Source$.fromFile(Source.scala:59)
	at LogProducer$Message.run(KafkaLogProducer.scala:14)
	at java.util.concurrent.ThreadPoolExecutor.runWorker(ThreadPoolExecutor.java:1142)
	... 2 more
Exception in thread "pool-1-thread-6" java.lang.Error: java.io.FileNotFoundException: /usr/local/sample/netflow.txt (No such file or directory)
	at java.util.concurrent.ThreadPoolExecutor.runWorker(ThreadPoolExecutor.java:1148)
	at java.util.concurrent.ThreadPoolExecutor$Worker.run(ThreadPoolExecutor.java:617)
	at java.lang.Thread.run(Thread.java:745)
Caused by: java.io.FileNotFoundException: /usr/local/sample/netflow.txt (No such file or directory)
	at java.io.FileInputStream.open0(Native Method)
	at java.io.FileInputStream.open(FileInputStream.java:195)
	at java.io.FileInputStream.<init>(FileInputStream.java:138)
	at scala.io.Source$.fromFile(Source.scala:90)
	at scala.io.Source$.fromFile(Source.scala:75)
	at scala.io.Source$.fromFile(Source.scala:53)
	at scala.io.Source$.fromFile(Source.scala:59)
	at LogProducer$Message.run(KafkaLogProducer.scala:14)
	at java.util.concurrent.ThreadPoolExecutor.runWorker(ThreadPoolExecutor.java:1142)
	... 2 more
